Arguments: 
  C:\Program Files\nodejs\node.exe C:\Program Files\nodejs\node_modules\yarn\bin\yarn.js dev

PATH: 
  C:\Users\mostafa\bin;C:\Program Files\Git\mingw64\bin;C:\Program Files\Git\usr\local\bin;C:\Program Files\Git\usr\bin;C:\Program Files\Git\usr\bin;C:\Program Files\Git\mingw64\bin;C:\Program Files\Git\usr\bin;C:\Users\mostafa\bin;C:\Windows\system32;C:\Windows;C:\Windows\System32\Wbem;C:\Windows\System32\WindowsPowerShell\v1.0;C:\Windows\System32\OpenSSH;C:\Program Files\Git\cmd;C:\Users\mostafa\AppData\Roaming\nvm;C:\Program Files\nodejs;C:\Program Files\dotnet;C:\Program Files\Docker\Docker\resources\bin;C:\Users\mostafa\AppData\Local\Microsoft\WindowsApps;C:\Users\mostafa\AppData\Local\Programs\Microsoft VS Code\bin;C:\Users\mostafa\AppData\Roaming\nvm;C:\Program Files\nodejs;C:\Program Files\Git\usr\bin\vendor_perl;C:\Program Files\Git\usr\bin\core_perl

Yarn version: 
  1.22.19

Node version: 
  18.14.0

Platform: 
  win32 x64

Trace: 
  SyntaxError: D:\project\packages\mr-micro\packages\remote\package.json: Unexpected token   in JSON at position 513
      at JSON.parse (<anonymous>)
      at C:\Users\mostafa\AppData\Roaming\nvm\v18.14.0\node_modules\yarn\lib\cli.js:1629:59
      at Generator.next (<anonymous>)
      at step (C:\Users\mostafa\AppData\Roaming\nvm\v18.14.0\node_modules\yarn\lib\cli.js:310:30)
      at C:\Users\mostafa\AppData\Roaming\nvm\v18.14.0\node_modules\yarn\lib\cli.js:321:13

npm manifest: 
  {
    "name": "remote",
    "version": "1.0.0",
    "description": "remote package",
    "main": "./src/index.js",
    "author": "m.rastegar",
    "license": "MIT",
    "dependencies": {
      "@module-federation/typescript": "^2.2.0",
      "react": "^18.2.0",
      "react-dom": "^18.2.0",
      "web-vitals": "^3.1.1"
    },
    "scripts": {
      "start": "webpack --watch --config configs/webpack.dev.js",
      "build": "webpack --progress --config configs/webpack.prod.js",
      "serve": "webpack serve --config configs/webpack.dev.js",
      "dev": "concurrently \\"npm run server\\" \\"npm run start\\"",
      "tscheck": "tsc"
    },
    "devDependencies": {
      "@babel/core": "^7.20.12",
      "@babel/preset-env": "^7.20.2",
      "@babel/preset-react": "^7.18.6",
      "@babel/preset-typescript": "^7.18.6",
      "@types/react": "^18.0.27",
      "@types/react-dom": "^18.0.10",
      "babel-loader": "^9.1.2",
      "clean-webpack-plugin": "^4.0.0",
      "core-js": "^3.28.0",
      "html-webpack-plugin": "^5.5.0",
      "regenerator-runtime": "^0.13.11",
      "ts-loader": "^9.4.2",
      "typescript": "^4.9.5",
      "webpack": "^5.75.0",
      "webpack-cli": "^5.0.1",
      "webpack-dev-server": "^4.11.1",
      "webpack-merge": "^5.8.0"
    }
  }

yarn manifest: 
  No manifest

Lockfile: 
  No lockfile
